current directory: /home/ec2-user/environment/games_production/vender/bundle/ruby/3.1.0/gems/bcrypt-3.1.18/ext/mri
/home/ec2-user/.rvm/rubies/ruby-3.1.3/bin/ruby -I /home/ec2-user/.rvm/rubies/ruby-3.1.3/lib/ruby/3.1.0 extconf.rb
creating Makefile

current directory: /home/ec2-user/environment/games_production/vender/bundle/ruby/3.1.0/gems/bcrypt-3.1.18/ext/mri
make DESTDIR\= sitearchdir\=./.gem.20230213-22542-d2ill0 sitelibdir\=./.gem.20230213-22542-d2ill0 clean

current directory: /home/ec2-user/environment/games_production/vender/bundle/ruby/3.1.0/gems/bcrypt-3.1.18/ext/mri
make DESTDIR\= sitearchdir\=./.gem.20230213-22542-d2ill0 sitelibdir\=./.gem.20230213-22542-d2ill0
compiling bcrypt_ext.c
bcrypt_ext.c: In function ‘Init_bcrypt_ext’:
bcrypt_ext.c:108:6: warning: old-style function definition [-Wold-style-definition]
 void Init_bcrypt_ext(){
      ^~~~~~~~~~~~~~~
bcrypt_ext.c: At top level:
cc1: warning: unrecognized command line option ‘-Wno-self-assign’
cc1: warning: unrecognized command line option ‘-Wno-parentheses-equality’
cc1: warning: unrecognized command line option ‘-Wno-constant-logical-operand’
cc1: warning: unrecognized command line option ‘-Wno-cast-function-type’
compiling crypt_blowfish.c
gcc  -D__SKIP_GNU     -c -o x86.o x86.S
compiling crypt_gensalt.c
compiling wrapper.c
wrapper.c:182:60: warning: ‘struct crypt_data’ declared inside parameter list will not be visible outside of this definition or declaration
 char *crypt_r(const char *key, const char *setting, struct crypt_data *data)
                                                            ^~~~~~~~~~
cc1: warning: unrecognized command line option ‘-Wno-self-assign’
cc1: warning: unrecognized command line option ‘-Wno-parentheses-equality’
cc1: warning: unrecognized command line option ‘-Wno-constant-logical-operand’
cc1: warning: unrecognized command line option ‘-Wno-cast-function-type’
linking shared-object bcrypt_ext.so

current directory: /home/ec2-user/environment/games_production/vender/bundle/ruby/3.1.0/gems/bcrypt-3.1.18/ext/mri
make DESTDIR\= sitearchdir\=./.gem.20230213-22542-d2ill0 sitelibdir\=./.gem.20230213-22542-d2ill0 install
/usr/bin/install -c -m 0755 bcrypt_ext.so ./.gem.20230213-22542-d2ill0
