current directory: /home/ec2-user/environment/games_production/vender/bundle/ruby/3.1.0/gems/websocket-driver-0.7.5/ext/websocket-driver
/home/ec2-user/.rvm/rubies/ruby-3.1.3/bin/ruby -I /home/ec2-user/.rvm/rubies/ruby-3.1.3/lib/ruby/3.1.0 extconf.rb
creating Makefile

current directory: /home/ec2-user/environment/games_production/vender/bundle/ruby/3.1.0/gems/websocket-driver-0.7.5/ext/websocket-driver
make DESTDIR\= sitearchdir\=./.gem.20230213-22542-5tly6i sitelibdir\=./.gem.20230213-22542-5tly6i clean

current directory: /home/ec2-user/environment/games_production/vender/bundle/ruby/3.1.0/gems/websocket-driver-0.7.5/ext/websocket-driver
make DESTDIR\= sitearchdir\=./.gem.20230213-22542-5tly6i sitelibdir\=./.gem.20230213-22542-5tly6i
compiling websocket_mask.c
websocket_mask.c: In function ‘Init_websocket_mask’:
websocket_mask.c:26:6: warning: old-style function definition [-Wold-style-definition]
 void Init_websocket_mask()
      ^~~~~~~~~~~~~~~~~~~
websocket_mask.c: At top level:
cc1: warning: unrecognized command line option ‘-Wno-self-assign’
cc1: warning: unrecognized command line option ‘-Wno-parentheses-equality’
cc1: warning: unrecognized command line option ‘-Wno-constant-logical-operand’
cc1: warning: unrecognized command line option ‘-Wno-cast-function-type’
linking shared-object websocket_mask.so

current directory: /home/ec2-user/environment/games_production/vender/bundle/ruby/3.1.0/gems/websocket-driver-0.7.5/ext/websocket-driver
make DESTDIR\= sitearchdir\=./.gem.20230213-22542-5tly6i sitelibdir\=./.gem.20230213-22542-5tly6i install
/usr/bin/install -c -m 0755 websocket_mask.so ./.gem.20230213-22542-5tly6i
