current directory: /home/ec2-user/environment/games_production/vender/bundle/ruby/3.1.0/gems/msgpack-1.6.0/ext/msgpack
/home/ec2-user/.rvm/rubies/ruby-3.1.3/bin/ruby -I /home/ec2-user/.rvm/rubies/ruby-3.1.3/lib/ruby/3.1.0 extconf.rb
checking for ruby/st.h... yes
checking for st.h... no
checking for rb_enc_interned_str() in ruby.h... yes
checking for rb_hash_new_capa() in ruby.h... no
creating Makefile

current directory: /home/ec2-user/environment/games_production/vender/bundle/ruby/3.1.0/gems/msgpack-1.6.0/ext/msgpack
make DESTDIR\= sitearchdir\=./.gem.20230213-22542-vzt1i4 sitelibdir\=./.gem.20230213-22542-vzt1i4 clean

current directory: /home/ec2-user/environment/games_production/vender/bundle/ruby/3.1.0/gems/msgpack-1.6.0/ext/msgpack
make DESTDIR\= sitearchdir\=./.gem.20230213-22542-vzt1i4 sitelibdir\=./.gem.20230213-22542-vzt1i4
compiling buffer.c
compiling buffer_class.c
compiling extension_value_class.c
compiling factory_class.c
compiling packer.c
compiling packer_class.c
compiling packer_ext_registry.c
compiling rbinit.c
compiling rmem.c
compiling unpacker.c
compiling unpacker_class.c
compiling unpacker_ext_registry.c
linking shared-object msgpack/msgpack.so

current directory: /home/ec2-user/environment/games_production/vender/bundle/ruby/3.1.0/gems/msgpack-1.6.0/ext/msgpack
make DESTDIR\= sitearchdir\=./.gem.20230213-22542-vzt1i4 sitelibdir\=./.gem.20230213-22542-vzt1i4 install
/usr/bin/install -c -m 0755 msgpack.so ./.gem.20230213-22542-vzt1i4/msgpack
