current directory: /home/ec2-user/environment/games_production/vender/bundle/ruby/3.1.0/gems/mysql2-0.5.4/ext/mysql2
/home/ec2-user/.rvm/rubies/ruby-3.1.3/bin/ruby -I /home/ec2-user/.rvm/rubies/ruby-3.1.3/lib/ruby/3.1.0 extconf.rb
checking for rb_absint_size()... yes
checking for rb_absint_singlebit_p()... yes
checking for rb_wait_for_single_fd()... yes
checking for rb_enc_interned_str() in ruby.h... yes
-----
Using mysql_config at /usr/bin/mysql_config
-----
checking for mysql.h... yes
checking for errmsg.h... yes
checking for SSL_MODE_DISABLED in mysql.h... yes
checking for SSL_MODE_PREFERRED in mysql.h... yes
checking for SSL_MODE_REQUIRED in mysql.h... yes
checking for SSL_MODE_VERIFY_CA in mysql.h... yes
checking for SSL_MODE_VERIFY_IDENTITY in mysql.h... yes
checking for MYSQL.net.vio in mysql.h... yes
checking for MYSQL.net.pvio in mysql.h... no
checking for MYSQL_DEFAULT_AUTH in mysql.h... yes
checking for MYSQL_ENABLE_CLEARTEXT_PLUGIN in mysql.h... yes
checking for SERVER_QUERY_NO_GOOD_INDEX_USED in mysql.h... yes
checking for SERVER_QUERY_NO_INDEX_USED in mysql.h... yes
checking for SERVER_QUERY_WAS_SLOW in mysql.h... yes
checking for MYSQL_OPTION_MULTI_STATEMENTS_ON in mysql.h... yes
checking for MYSQL_OPTION_MULTI_STATEMENTS_OFF in mysql.h... yes
checking for my_bool in mysql.h... yes
-----
Setting libpath to /usr/lib64/mysql
-----
creating Makefile

current directory: /home/ec2-user/environment/games_production/vender/bundle/ruby/3.1.0/gems/mysql2-0.5.4/ext/mysql2
make DESTDIR\= sitearchdir\=./.gem.20230213-22542-408f9r sitelibdir\=./.gem.20230213-22542-408f9r clean

current directory: /home/ec2-user/environment/games_production/vender/bundle/ruby/3.1.0/gems/mysql2-0.5.4/ext/mysql2
make DESTDIR\= sitearchdir\=./.gem.20230213-22542-408f9r sitelibdir\=./.gem.20230213-22542-408f9r
compiling client.c
In file included from client.c:15:0:
mysql_enc_name_to_ruby.h: In function ‘mysql2_mysql_enc_name_to_rb_hash’:
mysql_enc_name_to_ruby.h:43:1: warning: old-style function definition [-Wold-style-definition]
 mysql2_mysql_enc_name_to_rb_hash (str, len)
 ^~~~~~~~~~~~~~~~~~~~~~~~~~~~~~~~
In file included from client.c:15:0:
mysql_enc_name_to_ruby.h: In function ‘mysql2_mysql_enc_name_to_rb’:
mysql_enc_name_to_ruby.h:86:1: warning: old-style function definition [-Wold-style-definition]
 mysql2_mysql_enc_name_to_rb (str, len)
 ^~~~~~~~~~~~~~~~~~~~~~~~~~~
client.c: In function ‘init_mysql2_client’:
client.c:1447:6: warning: old-style function definition [-Wold-style-definition]
 void init_mysql2_client() {
      ^~~~~~~~~~~~~~~~~~
client.c: At top level:
cc1: warning: unrecognized command line option ‘-Wno-self-assign’
cc1: warning: unrecognized command line option ‘-Wno-parentheses-equality’
cc1: warning: unrecognized command line option ‘-Wno-constant-logical-operand’
cc1: warning: unrecognized command line option ‘-Wno-cast-function-type’
compiling infile.c
compiling mysql2_ext.c
mysql2_ext.c: In function ‘Init_mysql2’:
mysql2_ext.c:6:6: warning: old-style function definition [-Wold-style-definition]
 void Init_mysql2() {
      ^~~~~~~~~~~
mysql2_ext.c: At top level:
cc1: warning: unrecognized command line option ‘-Wno-self-assign’
cc1: warning: unrecognized command line option ‘-Wno-parentheses-equality’
cc1: warning: unrecognized command line option ‘-Wno-constant-logical-operand’
cc1: warning: unrecognized command line option ‘-Wno-cast-function-type’
compiling result.c
result.c: In function ‘init_mysql2_result’:
result.c:1170:6: warning: old-style function definition [-Wold-style-definition]
 void init_mysql2_result() {
      ^~~~~~~~~~~~~~~~~~
result.c: At top level:
cc1: warning: unrecognized command line option ‘-Wno-self-assign’
cc1: warning: unrecognized command line option ‘-Wno-parentheses-equality’
cc1: warning: unrecognized command line option ‘-Wno-constant-logical-operand’
cc1: warning: unrecognized command line option ‘-Wno-cast-function-type’
compiling statement.c
statement.c: In function ‘init_mysql2_statement’:
statement.c:573:6: warning: old-style function definition [-Wold-style-definition]
 void init_mysql2_statement() {
      ^~~~~~~~~~~~~~~~~~~~~
statement.c: At top level:
cc1: warning: unrecognized command line option ‘-Wno-self-assign’
cc1: warning: unrecognized command line option ‘-Wno-parentheses-equality’
cc1: warning: unrecognized command line option ‘-Wno-constant-logical-operand’
cc1: warning: unrecognized command line option ‘-Wno-cast-function-type’
linking shared-object mysql2/mysql2.so

current directory: /home/ec2-user/environment/games_production/vender/bundle/ruby/3.1.0/gems/mysql2-0.5.4/ext/mysql2
make DESTDIR\= sitearchdir\=./.gem.20230213-22542-408f9r sitelibdir\=./.gem.20230213-22542-408f9r install
/usr/bin/install -c -m 0755 mysql2.so ./.gem.20230213-22542-408f9r/mysql2
