current directory: /home/ec2-user/environment/games_production/vender/bundle/ruby/3.1.0/gems/puma-5.6.5/ext/puma_http11
/home/ec2-user/.rvm/rubies/ruby-3.1.3/bin/ruby -I /home/ec2-user/.rvm/rubies/ruby-3.1.3/lib/ruby/3.1.0 extconf.rb
using OpenSSL pkgconfig (openssl.pc)
checking for openssl/bio.h... yes
checking for DTLS_method() in openssl/ssl.h... yes
checking for TLS_server_method() in openssl/ssl.h... no
checking for SSL_CTX_set_min_proto_version(NULL, 0) in openssl/ssl.h... no
checking for X509_STORE_up_ref()... no
checking for SSL_CTX_set_ecdh_auto(NULL, 0) in openssl/ssl.h... yes
checking for SSL_CTX_set_dh_auto(NULL, 0) in openssl/ssl.h... no
checking for SSL_get1_peer_certificate() in openssl/ssl.h... no
checking for Random.bytes... yes
creating Makefile

current directory: /home/ec2-user/environment/games_production/vender/bundle/ruby/3.1.0/gems/puma-5.6.5/ext/puma_http11
make DESTDIR\= sitearchdir\=./.gem.20230213-22542-728s91 sitelibdir\=./.gem.20230213-22542-728s91 clean

current directory: /home/ec2-user/environment/games_production/vender/bundle/ruby/3.1.0/gems/puma-5.6.5/ext/puma_http11
make DESTDIR\= sitearchdir\=./.gem.20230213-22542-728s91 sitelibdir\=./.gem.20230213-22542-728s91
compiling http11_parser.c
compiling mini_ssl.c
compiling puma_http11.c
linking shared-object puma/puma_http11.so

current directory: /home/ec2-user/environment/games_production/vender/bundle/ruby/3.1.0/gems/puma-5.6.5/ext/puma_http11
make DESTDIR\= sitearchdir\=./.gem.20230213-22542-728s91 sitelibdir\=./.gem.20230213-22542-728s91 install
/usr/bin/install -c -m 0755 puma_http11.so ./.gem.20230213-22542-728s91/puma
